<?xml version="1.0" encoding="UTF-8"?>
<!-- Generated by org.testng.reporters.JUnitXMLReporter -->
<testsuite ignored="0" hostname="ECCINHYD04681" failures="0" tests="2" name="Edge Test : 124 : Windows10" time="180.086" errors="0" timestamp="2024-07-10T22:16:04 IST">
  <testcase classname="com.SauceDemoProject.TestScripts.TC_Login_001" name="userLogin" time="0.0">
    <skipped/>
  </testcase> <!-- userLogin -->
  <testcase classname="com.SauceDemoProject.TestScripts.TC_PersonalDetails_003" name="personalDetails" time="0.0">
    <skipped/>
  </testcase> <!-- personalDetails -->
</testsuite> <!-- Edge Test : 124 : Windows10 -->
