<?xml version="1.0" encoding="UTF-8"?>
<!-- Generated by org.testng.reporters.JUnitXMLReporter -->
<testsuite ignored="0" hostname="ECCINHYD04681" failures="0" tests="2" name="Chrome Test : 126 : Windows 11" time="63.889" errors="0" timestamp="2024-07-10T18:09:27 IST">
  <testcase classname="com.SauceDemoProject.TestScripts.TC_PersonalDetails_003" name="personalDetails" time="43.743"/>
  <testcase classname="com.SauceDemoProject.TestScripts.TC_RegistrationPage_002" name="userRegistration" time="0.0">
    <skipped/>
  </testcase> <!-- userRegistration -->
</testsuite> <!-- Chrome Test : 126 : Windows 11 -->
