<?xml version="1.0" encoding="UTF-8"?>
<!-- Generated by org.testng.reporters.JUnitXMLReporter -->
<testsuite ignored="0" hostname="ECCINHYD04681" failures="0" tests="2" name="Chrome Test : 125 : Linux)" time="105.926" errors="0" timestamp="2024-07-08T14:04:30 IST">
  <testcase classname="com.SauceDemoProject.TestScripts.TC_UpdatePassword_004" name="updatePassword" time="0.0">
    <skipped/>
  </testcase> <!-- updatePassword -->
  <testcase classname="com.SauceDemoProject.TestScripts.TC_UpdatePassword_004" name="updatePasswordMaxLenAgain" time="0.0">
    <skipped/>
  </testcase> <!-- updatePasswordMaxLenAgain -->
</testsuite> <!-- Chrome Test : 125 : Linux) -->
