<?xml version="1.0" encoding="UTF-8"?>
<!-- Generated by org.testng.reporters.JUnitXMLReporter -->
<testsuite ignored="0" hostname="ECCINHYD04681" failures="0" tests="3" name="Edge Test : 126 : Windows 11" time="124.245" errors="0" timestamp="2024-07-10T18:08:23 IST">
  <testcase classname="com.SauceDemoProject.TestScripts.TC_Login_001" name="userLogin" time="30.772"/>
  <testcase classname="com.SauceDemoProject.TestScripts.TC_UpdatePassword_004" name="updatePassword" time="42.191"/>
  <testcase classname="com.SauceDemoProject.TestScripts.TC_UpdatePassword_004" name="updatePasswordMaxLenAgain" time="23.598"/>
</testsuite> <!-- Edge Test : 126 : Windows 11 -->
