<?xml version="1.0" encoding="UTF-8"?>
<!-- Generated by org.testng.reporters.JUnitXMLReporter -->
<testsuite ignored="0" hostname="ECCINHYD04681" failures="0" tests="5" name="FireFox Test : 126 : Windows 11" time="687.636" errors="0" timestamp="2024-07-02T13:04:04 IST">
  <testcase classname="com.SauceDemoProject.TestScripts.TC_Login_001" name="userLogin" time="0.001">
    <skipped/>
  </testcase> <!-- userLogin -->
  <testcase classname="com.SauceDemoProject.TestScripts.TC_RegistrationPage_002" name="userRegistration" time="0.0">
    <skipped/>
  </testcase> <!-- userRegistration -->
  <testcase classname="com.SauceDemoProject.TestScripts.TC_PersonalDetails_003" name="personalDetails" time="0.0">
    <skipped/>
  </testcase> <!-- personalDetails -->
  <testcase classname="com.SauceDemoProject.TestScripts.TC_UpdatePassword_004" name="updatePassword" time="0.001">
    <skipped/>
  </testcase> <!-- updatePassword -->
  <testcase classname="com.SauceDemoProject.TestScripts.TC_UpdatePassword_004" name="updatePasswordMaxLenAgain" time="0.0">
    <skipped/>
  </testcase> <!-- updatePasswordMaxLenAgain -->
</testsuite> <!-- FireFox Test : 126 : Windows 11 -->
