<?xml version="1.0" encoding="UTF-8"?>
<!-- Generated by org.testng.reporters.JUnitXMLReporter -->
<testsuite ignored="0" hostname="ECCINHYD04681" failures="0" tests="2" name="Default test" time="145.237" errors="0" timestamp="2024-02-01T12:16:37 IST">
  <testcase classname="com.CodeRed.TestCases.TC_PersonalDetailsPercy_009" name="invalidcurrentpassword" time="118.998"/>
  <testcase classname="com.CodeRed.TestCases.TC_PersonalDetailsPercy_009" name="userLogout" time="10.473"/>
</testsuite> <!-- Default test -->
