<?xml version="1.0" encoding="UTF-8"?>
<!-- Generated by org.testng.reporters.JUnitXMLReporter -->
<testsuite ignored="0" hostname="ECCINHYD04681" failures="0" tests="5" name="Chrome Test : 126 : Windows 10" time="430.389" errors="0" timestamp="2024-07-02T10:55:06 IST">
  <testcase classname="com.SauceDemoProject.TestScripts.TC_Login_001" name="userLogin" time="41.727"/>
  <testcase classname="com.SauceDemoProject.TestScripts.TC_RegistrationPage_002" name="userRegistration" time="206.682"/>
  <testcase classname="com.SauceDemoProject.TestScripts.TC_PersonalDetails_003" name="personalDetails" time="40.003"/>
  <testcase classname="com.SauceDemoProject.TestScripts.TC_UpdatePassword_004" name="updatePassword" time="37.755"/>
  <testcase classname="com.SauceDemoProject.TestScripts.TC_UpdatePassword_004" name="updatePasswordMaxLenAgain" time="17.893"/>
</testsuite> <!-- Chrome Test : 126 : Windows 10 -->
