<?xml version="1.0" encoding="UTF-8"?>
<!-- Generated by org.testng.reporters.JUnitXMLReporter -->
<testsuite ignored="0" hostname="ECCINHYD04681" failures="0" tests="2" name="Chrome Test : 125 : Linux)" time="67.86" errors="0" timestamp="2024-07-10T18:00:11 IST">
  <testcase classname="com.SauceDemoProject.TestScripts.TC_UpdatePassword_004" name="updatePassword" time="39.714"/>
  <testcase classname="com.SauceDemoProject.TestScripts.TC_UpdatePassword_004" name="updatePasswordMaxLenAgain" time="23.006"/>
</testsuite> <!-- Chrome Test : 125 : Linux) -->
